<?xml version="1.0" encoding="UTF-8"?>
<!-- Generated by org.testng.reporters.JUnitReportReporter -->
<testsuite hostname="TYP1785" failures="0" tests="1" name="popups.SwitchTowindow" time="10.545" errors="0" timestamp="2024-09-26T17:11:31 IST" skipped="0">
  <testcase classname="popups.SwitchTowindow" name="switchToWindow" time="10.545"/>
</testsuite> <!-- popups.SwitchTowindow -->
